<?xml version="1.0" encoding="UTF-8"?>
<!-- Generated by org.testng.reporters.JUnitReportReporter -->
<testsuite skipped="0" hostname="Manishs-MacBook-Air.local" name="com.gojek.test.roundTripBooking" tests="1" failures="0" timestamp="02 Mar 2017 14:09:59 GMT" time="29.283" errors="0">
  <testcase name="bookFlight" time="29.283" classname="com.gojek.test.roundTripBooking"/>
</testsuite> <!-- com.gojek.test.roundTripBooking -->
